# JRE version: Java(TM) SE Runtime Environment (7.0_55-b13) (build 1.7.0_55-b13)
# Java VM: Java HotSpot(TM) 64-Bit Server VM (24.55-b03 mixed mode windows-amd64 compressed oops)
Heap
 PSYoungGen      total 38400K, used 15229K [0x00000007d5900000, 0x00000007d8380000, 0x0000000800000000)
  eden space 33280K, 30% used [0x00000007d5900000,0x00000007d62e5c68,0x00000007d7980000)
  from space 5120K, 99% used [0x00000007d7e80000,0x00000007d8379a98,0x00000007d8380000)
  to   space 5120K, 0% used [0x00000007d7980000,0x00000007d7980000,0x00000007d7e80000)
 ParOldGen       total 86528K, used 2334K [0x0000000780c00000, 0x0000000786080000, 0x00000007d5900000)
  object space 86528K, 2% used [0x0000000780c00000,0x0000000780e47ac0,0x0000000786080000)
 PSPermGen       total 21504K, used 17856K [0x000000077ba00000, 0x000000077cf00000, 0x0000000780c00000)
  object space 21504K, 83% used [0x000000077ba00000,0x000000077cb700e0,0x000000077cf00000)
GC Heap History (4 events):
Event: 1.154 GC heap before
{Heap before GC invocations=1 (full 0):
 PSYoungGen      total 38400K, used 33280K [0x00000007d5900000, 0x00000007d8380000, 0x0000000800000000)
  eden space 33280K, 100% used [0x00000007d5900000,0x00000007d7980000,0x00000007d7980000)
  from space 5120K, 0% used [0x00000007d7e80000,0x00000007d7e80000,0x00000007d8380000)
  to   space 5120K, 0% used [0x00000007d7980000,0x00000007d7980000,0x00000007d7e80000)
 ParOldGen       total 86528K, used 0K [0x0000000780c00000, 0x0000000786080000, 0x00000007d5900000)
  object space 86528K, 0% used [0x0000000780c00000,0x0000000780c00000,0x0000000786080000)
 PSPermGen       total 21504K, used 10225K [0x000000077ba00000, 0x000000077cf00000, 0x0000000780c00000)
  object space 21504K, 47% used [0x000000077ba00000,0x000000077c3fc790,0x000000077cf00000)
Event: 1.160 GC heap after
Heap after GC invocations=1 (full 0):
 PSYoungGen      total 38400K, used 5097K [0x00000007d5900000, 0x00000007d8380000, 0x0000000800000000)
  eden space 33280K, 0% used [0x00000007d5900000,0x00000007d5900000,0x00000007d7980000)
  from space 5120K, 99% used [0x00000007d7980000,0x00000007d7e7a588,0x00000007d7e80000)
  to   space 5120K, 0% used [0x00000007d7e80000,0x00000007d7e80000,0x00000007d8380000)
 ParOldGen       total 86528K, used 1370K [0x0000000780c00000, 0x0000000786080000, 0x00000007d5900000)
  object space 86528K, 1% used [0x0000000780c00000,0x0000000780d56840,0x0000000786080000)
 PSPermGen       total 21504K, used 10225K [0x000000077ba00000, 0x000000077cf00000, 0x0000000780c00000)
  object space 21504K, 47% used [0x000000077ba00000,0x000000077c3fc790,0x000000077cf00000)
}
Event: 7.051 GC heap before
{Heap before GC invocations=2 (full 0):
 PSYoungGen      total 38400K, used 38377K [0x00000007d5900000, 0x00000007d8380000, 0x0000000800000000)
  eden space 33280K, 100% used [0x00000007d5900000,0x00000007d7980000,0x00000007d7980000)
  from space 5120K, 99% used [0x00000007d7980000,0x00000007d7e7a588,0x00000007d7e80000)
  to   space 5120K, 0% used [0x00000007d7e80000,0x00000007d7e80000,0x00000007d8380000)
 ParOldGen       total 86528K, used 1370K [0x0000000780c00000, 0x0000000786080000, 0x00000007d5900000)
  object space 86528K, 1% used [0x0000000780c00000,0x0000000780d56840,0x0000000786080000)
 PSPermGen       total 21504K, used 15495K [0x000000077ba00000, 0x000000077cf00000, 0x0000000780c00000)
  object space 21504K, 72% used [0x000000077ba00000,0x000000077c921c30,0x000000077cf00000)
Event: 7.057 GC heap after
Heap after GC invocations=2 (full 0):
 PSYoungGen      total 38400K, used 5094K [0x00000007d5900000, 0x00000007d8380000, 0x0000000800000000)
  eden space 33280K, 0% used [0x00000007d5900000,0x00000007d5900000,0x00000007d7980000)
  from space 5120K, 99% used [0x00000007d7e80000,0x00000007d8379a98,0x00000007d8380000)
  to   space 5120K, 0% used [0x00000007d7980000,0x00000007d7980000,0x00000007d7e80000)
 ParOldGen       total 86528K, used 2334K [0x0000000780c00000, 0x0000000786080000, 0x00000007d5900000)
  object space 86528K, 2% used [0x0000000780c00000,0x0000000780e47ac0,0x0000000786080000)
 PSPermGen       total 21504K, used 15495K [0x000000077ba00000, 0x000000077cf00000, 0x0000000780c00000)
  object space 21504K, 72% used [0x000000077ba00000,0x000000077c921c30,0x000000077cf00000)
}

